d:\vs_project\gringo\gringo\x64\debug\grng_depth_stencil_get.obj
d:\vs_project\gringo\gringo\x64\debug\grng_gfx.obj
d:\vs_project\gringo\gringo\x64\debug\grng_render_texture.obj
d:\vs_project\gringo\gringo\x64\debug\grng_vert_shader_data.obj
d:\vs_project\gringo\gringo\x64\debug\grng_wm_window.obj
d:\vs_project\gringo\gringo\x64\debug\grng_depth_stencil.obj
d:\vs_project\gringo\gringo\x64\debug\grng_manager_ptr.obj
d:\vs_project\gringo\gringo\x64\debug\grng_sampler_data.obj
d:\vs_project\gringo\gringo\x64\debug\grng_window_cursor.obj
d:\vs_project\gringo\gringo\x64\debug\grng_frag_shader.obj
d:\vs_project\gringo\gringo\x64\debug\grng_input_layout_data.obj
d:\vs_project\gringo\gringo\x64\debug\grng_mouse.obj
d:\vs_project\gringo\gringo\x64\debug\grng_texture.obj
d:\vs_project\gringo\gringo\x64\debug\grng_wm_resources.obj
d:\vs_project\gringo\gringo\x64\debug\grng_cubemap_dds.obj
d:\vs_project\gringo\gringo\x64\debug\grng_mesh_data.obj
d:\vs_project\gringo\gringo\x64\debug\grng_sampler.obj
d:\vs_project\gringo\gringo\x64\debug\grng_window_misc.obj
d:\vs_project\gringo\gringo\x64\debug\win_main.obj
d:\vs_project\gringo\gringo\x64\debug\grng_cubemap.obj
d:\vs_project\gringo\gringo\x64\debug\grng_mesh.obj
d:\vs_project\gringo\gringo\x64\debug\grng_render_texture_get.obj
d:\vs_project\gringo\gringo\x64\debug\grng_window_draw.obj
d:\vs_project\gringo\gringo\x64\debug\cam_controller.obj
d:\vs_project\gringo\gringo\x64\debug\grng_cubemap_data.obj
d:\vs_project\gringo\gringo\x64\debug\grng_mesh_d3d.obj
d:\vs_project\gringo\gringo\x64\debug\grng_render_texture_data.obj
d:\vs_project\gringo\gringo\x64\debug\grng_window.obj
d:\vs_project\gringo\gringo\x64\debug\grng_entity.obj
d:\vs_project\gringo\gringo\x64\debug\grng_light_manager.obj
d:\vs_project\gringo\gringo\x64\debug\grng_shader_data.obj
d:\vs_project\gringo\gringo\x64\debug\grng_win_manager.obj
d:\vs_project\gringo\gringo\x64\debug\grng_deferred_buffer_get.obj
d:\vs_project\gringo\gringo\x64\debug\grng_math.obj
d:\vs_project\gringo\gringo\x64\debug\grng_object.obj
d:\vs_project\gringo\gringo\x64\debug\grng_window_update.obj
d:\vs_project\gringo\gringo\x64\debug\grng_frag_shader_data.obj
d:\vs_project\gringo\gringo\x64\debug\grng_input_layout.obj
d:\vs_project\gringo\gringo\x64\debug\grng_rasterizer_state_data.obj
d:\vs_project\gringo\gringo\x64\debug\grng_texture2d_data.obj
d:\vs_project\gringo\gringo\x64\debug\grng_wm_cursor.obj
d:\vs_project\gringo\gringo\x64\debug\grng_depth_stencil_data.obj
d:\vs_project\gringo\gringo\x64\debug\grng_id3d.obj
d:\vs_project\gringo\gringo\x64\debug\grng_mesh_obj.obj
d:\vs_project\gringo\gringo\x64\debug\grng_texture2d.obj
d:\vs_project\gringo\gringo\x64\debug\grng_wm_misc.obj
d:\vs_project\gringo\gringo\x64\debug\grng_camera.obj
d:\vs_project\gringo\gringo\x64\debug\grng_geom_shader_data.obj
d:\vs_project\gringo\gringo\x64\debug\grng_mouse_button.obj
d:\vs_project\gringo\gringo\x64\debug\grng_vert_shader.obj
d:\vs_project\gringo\gringo\x64\debug\grng_wm_win_proc.obj
d:\vs_project\gringo\gringo\x64\debug\grng_d3d.obj
d:\vs_project\gringo\gringo\x64\debug\grng_geom_shader.obj
d:\vs_project\gringo\gringo\x64\debug\grng_rasterizer_state.obj
d:\vs_project\gringo\gringo\x64\debug\grng_texture_data.obj
d:\vs_project\gringo\gringo\x64\debug\grng_wm_update.obj
d:\vs_project\gringo\gringo\x64\debug\vc142.pdb
d:\vs_project\gringo\gringo\x64\debug\vc142.idb
d:\vs_project\gringo\gringo\x64\debug\grng_skybox.obj
d:\vs_project\gringo\x64\debug\gringo.exe
d:\vs_project\gringo\gringo\x64\debug\gringo.ilk
d:\vs_project\gringo\x64\debug\gringo.pdb
d:\vs_project\gringo\gringo\x64\debug\gringo.tlog\cl.command.1.tlog
d:\vs_project\gringo\gringo\x64\debug\gringo.tlog\cl.read.1.tlog
d:\vs_project\gringo\gringo\x64\debug\gringo.tlog\cl.write.1.tlog
d:\vs_project\gringo\gringo\x64\debug\gringo.tlog\link.command.1.tlog
d:\vs_project\gringo\gringo\x64\debug\gringo.tlog\link.read.1.tlog
d:\vs_project\gringo\gringo\x64\debug\gringo.tlog\link.write.1.tlog
