  cam_controller.cpp
  grng_light_manager.cpp
  grng_scene_draw.cpp
  grng_scene_entity.cpp
  grng_scene_light.cpp
  grng_scene_skybox.cpp
  grng_skybox.cpp
  grng_skybox_data.cpp
  grng_win_manager.cpp
  grng_window.cpp
  grng_window_cursor.cpp
  grng_window_draw.cpp
D:\vs_project\gringo\gringo\grng_d3d.h(56,11): warning C4101: 'hr': unreferenced local variable (compiling source file grng_window_cursor.cpp)
D:\vs_project\gringo\gringo\grng_d3d.h(56,11): warning C4101: 'hr': unreferenced local variable (compiling source file grng_skybox_data.cpp)
D:\vs_project\gringo\gringo\grng_d3d.h(56,11): warning C4101: 'hr': unreferenced local variable (compiling source file grng_win_manager.cpp)
D:\vs_project\gringo\gringo\grng_gfx.h(37,133): warning C4244: '=': conversion from '_Rep' to 'float', possible loss of data
          with
          [
              _Rep=double
          ] (compiling source file grng_window_cursor.cpp)
D:\vs_project\gringo\gringo\grng_d3d.h(56,11): warning C4101: 'hr': unreferenced local variable (compiling source file grng_window_draw.cpp)
D:\vs_project\gringo\gringo\grng_gfx.h(37,133): warning C4244: '=': conversion from '_Rep' to 'float', possible loss of data
          with
          [
              _Rep=double
          ] (compiling source file grng_skybox_data.cpp)
D:\vs_project\gringo\gringo\grng_d3d.h(56,11): warning C4101: 'hr': unreferenced local variable (compiling source file grng_scene_entity.cpp)
D:\vs_project\gringo\gringo\grng_d3d.h(56,11): warning C4101: 'hr': unreferenced local variable (compiling source file grng_skybox.cpp)
D:\vs_project\gringo\gringo\grng_d3d.h(56,11): warning C4101: 'hr': unreferenced local variable (compiling source file grng_scene_light.cpp)
D:\vs_project\gringo\gringo\grng_gfx.h(37,133): warning C4244: '=': conversion from '_Rep' to 'float', possible loss of data
          with
          [
              _Rep=double
          ] (compiling source file grng_win_manager.cpp)
D:\vs_project\gringo\gringo\grng_d3d.h(56,11): warning C4101: 'hr': unreferenced local variable (compiling source file cam_controller.cpp)
D:\vs_project\gringo\gringo\grng_gfx.h(37,133): warning C4244: '=': conversion from '_Rep' to 'float', possible loss of data
          with
          [
              _Rep=double
          ] (compiling source file grng_window_draw.cpp)
D:\vs_project\gringo\gringo\grng_gfx.h(37,133): warning C4244: '=': conversion from '_Rep' to 'float', possible loss of data
          with
          [
              _Rep=double
          ] (compiling source file grng_skybox.cpp)
D:\vs_project\gringo\gringo\grng_d3d.h(56,11): warning C4101: 'hr': unreferenced local variable (compiling source file grng_light_manager.cpp)
D:\vs_project\gringo\gringo\grng_gfx.h(37,133): warning C4244: '=': conversion from '_Rep' to 'float', possible loss of data
          with
          [
              _Rep=double
          ] (compiling source file cam_controller.cpp)
D:\vs_project\gringo\gringo\grng_mouse.h(88,1): warning C4551: function call missing argument list (compiling source file cam_controller.cpp)
D:\vs_project\gringo\gringo\grng_d3d.h(56,11): warning C4101: 'hr': unreferenced local variable (compiling source file grng_window.cpp)
D:\vs_project\gringo\gringo\grng_d3d.h(56,11): warning C4101: 'hr': unreferenced local variable (compiling source file grng_scene_draw.cpp)
D:\vs_project\gringo\gringo\grng_d3d.h(56,11): warning C4101: 'hr': unreferenced local variable (compiling source file grng_scene_skybox.cpp)
D:\vs_project\gringo\gringo\grng_gfx.h(37,133): warning C4244: '=': conversion from '_Rep' to 'float', possible loss of data
          with
          [
              _Rep=double
          ] (compiling source file grng_window.cpp)
D:\vs_project\gringo\gringo\grng_gfx.h(37,133): warning C4244: '=': conversion from '_Rep' to 'float', possible loss of data
          with
          [
              _Rep=double
          ] (compiling source file grng_scene_entity.cpp)
D:\vs_project\gringo\gringo\grng_gfx.h(37,133): warning C4244: '=': conversion from '_Rep' to 'float', possible loss of data
          with
          [
              _Rep=double
          ] (compiling source file grng_scene_light.cpp)
D:\vs_project\gringo\gringo\grng_gfx.h(37,133): warning C4244: '=': conversion from '_Rep' to 'float', possible loss of data
          with
          [
              _Rep=double
          ] (compiling source file grng_light_manager.cpp)
D:\vs_project\gringo\gringo\grng_gfx.h(37,133): warning C4244: '=': conversion from '_Rep' to 'float', possible loss of data
          with
          [
              _Rep=double
          ] (compiling source file grng_scene_draw.cpp)
D:\vs_project\gringo\gringo\grng_mouse.h(88,1): warning C4551: function call missing argument list (compiling source file grng_win_manager.cpp)
D:\vs_project\gringo\gringo\grng_gfx.h(37,133): warning C4244: '=': conversion from '_Rep' to 'float', possible loss of data
          with
          [
              _Rep=double
          ] (compiling source file grng_scene_skybox.cpp)
D:\vs_project\gringo\gringo\cam_controller.cpp(37,145): warning C4244: 'argument': conversion from 'int' to 'float', possible loss of data
D:\vs_project\gringo\gringo\cam_controller.cpp(38,143): warning C4244: 'argument': conversion from 'int' to 'float', possible loss of data
D:\vs_project\gringo\gringo\grng_manager.h(28,21): warning C4834: discarding return value of function with 'nodiscard' attribute (compiling source file grng_scene_entity.cpp)
D:\vs_project\gringo\gringo\grng_manager.h(25): message : while compiling class template member function 'bool grng_manager<GRNG_ENTITY,4096>::is_exists(T *)'
          with
          [
              T=GRNG_ENTITY
          ] (compiling source file grng_scene_entity.cpp)
D:\vs_project\gringo\gringo\cam_controller.cpp(39,136): warning C4244: 'argument': conversion from 'int' to 'float', possible loss of data
D:\vs_project\gringo\gringo\grng_manager.h(79): message : see reference to function template instantiation 'bool grng_manager<GRNG_ENTITY,4096>::is_exists(T *)' being compiled
          with
          [
              T=GRNG_ENTITY
          ] (compiling source file grng_scene_entity.cpp)
D:\vs_project\gringo\gringo\grng_entity_manager.h(10): message : see reference to class template instantiation 'grng_manager<GRNG_ENTITY,4096>' being compiled (compiling source file grng_scene_entity.cpp)
D:\vs_project\gringo\gringo\grng_manager.h(31,35): warning C4101: 'ex': unreferenced local variable (compiling source file grng_scene_entity.cpp)
D:\vs_project\gringo\gringo\grng_manager.h(28,21): warning C4834: discarding return value of function with 'nodiscard' attribute (compiling source file grng_scene_light.cpp)
D:\vs_project\gringo\gringo\grng_manager.h(25): message : while compiling class template member function 'bool grng_manager<GRNG_LIGHT,128>::is_exists(T *)'
          with
          [
              T=GRNG_LIGHT
          ] (compiling source file grng_scene_light.cpp)
D:\vs_project\gringo\gringo\grng_manager.h(79): message : see reference to function template instantiation 'bool grng_manager<GRNG_LIGHT,128>::is_exists(T *)' being compiled
          with
          [
              T=GRNG_LIGHT
          ] (compiling source file grng_scene_light.cpp)
D:\vs_project\gringo\gringo\grng_light_manager.h(10): message : see reference to class template instantiation 'grng_manager<GRNG_LIGHT,128>' being compiled (compiling source file grng_scene_light.cpp)
D:\vs_project\gringo\gringo\grng_manager.h(31,35): warning C4101: 'ex': unreferenced local variable (compiling source file grng_scene_light.cpp)
D:\vs_project\gringo\gringo\grng_window.cpp(14,3): warning C4003: not enough arguments for function-like macro invocation 'GRNG_WIN_LAST_EXC'
D:\vs_project\gringo\gringo\grng_window.cpp(7,10): warning C4101: 'hr': unreferenced local variable
D:\vs_project\gringo\gringo\grng_const_buffer.h(40,11): warning C4101: 'hr': unreferenced local variable (compiling source file grng_window_cursor.cpp)
D:\vs_project\gringo\gringo\grng_const_buffer.h(39): message : while compiling class template member function 'void grng_const_buffer<T>::set_data_memory(void)'
          with
          [
              T=int
          ] (compiling source file grng_window_cursor.cpp)
D:\vs_project\gringo\gringo\grng_const_buffer.h(70): message : see reference to function template instantiation 'void grng_const_buffer<T>::set_data_memory(void)' being compiled
          with
          [
              T=int
          ] (compiling source file grng_window_cursor.cpp)
D:\vs_project\gringo\gringo\grng_vert_const_buffer.h(8): message : see reference to class template instantiation 'grng_const_buffer<T>' being compiled
          with
          [
              T=int
          ] (compiling source file grng_window_cursor.cpp)
D:\vs_project\gringo\gringo\grng_manager_ptr.h(28): message : see reference to class template instantiation 'grng_vert_const_buffer<int>' being compiled (compiling source file grng_window_cursor.cpp)
D:\vs_project\gringo\gringo\grng_const_buffer.h(40,11): warning C4101: 'hr': unreferenced local variable (compiling source file grng_scene_entity.cpp)
D:\vs_project\gringo\gringo\grng_const_buffer.h(39): message : while compiling class template member function 'void grng_const_buffer<T>::set_data_memory(void)'
          with
          [
              T=int
          ] (compiling source file grng_scene_entity.cpp)
D:\vs_project\gringo\gringo\grng_const_buffer.h(70): message : see reference to function template instantiation 'void grng_const_buffer<T>::set_data_memory(void)' being compiled
          with
          [
              T=int
          ] (compiling source file grng_scene_entity.cpp)
D:\vs_project\gringo\gringo\grng_vert_const_buffer.h(8): message : see reference to class template instantiation 'grng_const_buffer<T>' being compiled
          with
          [
              T=int
          ] (compiling source file grng_scene_entity.cpp)
D:\vs_project\gringo\gringo\grng_manager_ptr.h(28): message : see reference to class template instantiation 'grng_vert_const_buffer<int>' being compiled (compiling source file grng_scene_entity.cpp)
D:\vs_project\gringo\gringo\grng_const_buffer.h(40,11): warning C4101: 'hr': unreferenced local variable (compiling source file grng_light_manager.cpp)
D:\vs_project\gringo\gringo\grng_const_buffer.h(39): message : while compiling class template member function 'void grng_const_buffer<T>::set_data_memory(void)'
          with
          [
              T=GRNG_SHADER_LIGHT_SCENE
          ] (compiling source file grng_light_manager.cpp)
D:\vs_project\gringo\gringo\grng_const_buffer.h(70): message : see reference to function template instantiation 'void grng_const_buffer<T>::set_data_memory(void)' being compiled
          with
          [
              T=GRNG_SHADER_LIGHT_SCENE
          ] (compiling source file grng_light_manager.cpp)
D:\vs_project\gringo\gringo\grng_frag_const_buffer.h(8): message : see reference to class template instantiation 'grng_const_buffer<T>' being compiled
          with
          [
              T=GRNG_SHADER_LIGHT_SCENE
          ] (compiling source file grng_light_manager.cpp)
D:\vs_project\gringo\gringo\grng_light_manager.h(43): message : see reference to class template instantiation 'grng_frag_const_buffer<GRNG_SHADER_LIGHT_SCENE>' being compiled (compiling source file grng_light_manager.cpp)
D:\vs_project\gringo\gringo\grng_const_buffer.h(40,11): warning C4101: 'hr': unreferenced local variable (compiling source file grng_win_manager.cpp)
D:\vs_project\gringo\gringo\grng_const_buffer.h(39): message : while compiling class template member function 'void grng_const_buffer<T>::set_data_memory(void)'
          with
          [
              T=int
          ] (compiling source file grng_win_manager.cpp)
D:\vs_project\gringo\gringo\grng_const_buffer.h(70): message : see reference to function template instantiation 'void grng_const_buffer<T>::set_data_memory(void)' being compiled
          with
          [
              T=int
          ] (compiling source file grng_win_manager.cpp)
D:\vs_project\gringo\gringo\grng_vert_const_buffer.h(8): message : see reference to class template instantiation 'grng_const_buffer<T>' being compiled
          with
          [
              T=int
          ] (compiling source file grng_win_manager.cpp)
D:\vs_project\gringo\gringo\grng_manager_ptr.h(28): message : see reference to class template instantiation 'grng_vert_const_buffer<int>' being compiled (compiling source file grng_win_manager.cpp)
D:\vs_project\gringo\gringo\grng_const_buffer.h(40,11): warning C4101: 'hr': unreferenced local variable (compiling source file grng_scene_light.cpp)
D:\vs_project\gringo\gringo\grng_const_buffer.h(39): message : while compiling class template member function 'void grng_const_buffer<T>::set_data_memory(void)'
          with
          [
              T=int
          ] (compiling source file grng_scene_light.cpp)
D:\vs_project\gringo\gringo\grng_const_buffer.h(70): message : see reference to function template instantiation 'void grng_const_buffer<T>::set_data_memory(void)' being compiled
          with
          [
              T=int
          ] (compiling source file grng_scene_light.cpp)
D:\vs_project\gringo\gringo\grng_vert_const_buffer.h(8): message : see reference to class template instantiation 'grng_const_buffer<T>' being compiled
          with
          [
              T=int
          ] (compiling source file grng_scene_light.cpp)
D:\vs_project\gringo\gringo\grng_manager_ptr.h(28): message : see reference to class template instantiation 'grng_vert_const_buffer<int>' being compiled (compiling source file grng_scene_light.cpp)
D:\vs_project\gringo\gringo\grng_const_buffer.h(40,11): warning C4101: 'hr': unreferenced local variable (compiling source file grng_window_draw.cpp)
D:\vs_project\gringo\gringo\grng_const_buffer.h(39): message : while compiling class template member function 'void grng_const_buffer<T>::set_data_memory(void)'
          with
          [
              T=int
          ] (compiling source file grng_window_draw.cpp)
D:\vs_project\gringo\gringo\grng_const_buffer.h(70): message : see reference to function template instantiation 'void grng_const_buffer<T>::set_data_memory(void)' being compiled
          with
          [
              T=int
          ] (compiling source file grng_window_draw.cpp)
D:\vs_project\gringo\gringo\grng_vert_const_buffer.h(8): message : see reference to class template instantiation 'grng_const_buffer<T>' being compiled
          with
          [
              T=int
          ] (compiling source file grng_window_draw.cpp)
D:\vs_project\gringo\gringo\grng_manager_ptr.h(28): message : see reference to class template instantiation 'grng_vert_const_buffer<int>' being compiled (compiling source file grng_window_draw.cpp)
  grng_window_misc.cpp
  grng_window_update.cpp
D:\vs_project\gringo\gringo\grng_const_buffer.h(40,11): warning C4101: 'hr': unreferenced local variable (compiling source file cam_controller.cpp)
D:\vs_project\gringo\gringo\grng_const_buffer.h(39): message : while compiling class template member function 'void grng_const_buffer<T>::set_data_memory(void)'
          with
          [
              T=int
          ] (compiling source file cam_controller.cpp)
D:\vs_project\gringo\gringo\grng_const_buffer.h(70): message : see reference to function template instantiation 'void grng_const_buffer<T>::set_data_memory(void)' being compiled
          with
          [
              T=int
          ] (compiling source file cam_controller.cpp)
D:\vs_project\gringo\gringo\grng_vert_const_buffer.h(8): message : see reference to class template instantiation 'grng_const_buffer<T>' being compiled
          with
          [
              T=int
          ] (compiling source file cam_controller.cpp)
D:\vs_project\gringo\gringo\grng_manager_ptr.h(28): message : see reference to class template instantiation 'grng_vert_const_buffer<int>' being compiled (compiling source file cam_controller.cpp)
D:\vs_project\gringo\gringo\grng_const_buffer.h(40,11): warning C4101: 'hr': unreferenced local variable (compiling source file grng_scene_draw.cpp)
D:\vs_project\gringo\gringo\grng_const_buffer.h(39): message : while compiling class template member function 'void grng_const_buffer<T>::set_data_memory(void)'
          with
          [
              T=int
          ] (compiling source file grng_scene_draw.cpp)
D:\vs_project\gringo\gringo\grng_const_buffer.h(70): message : see reference to function template instantiation 'void grng_const_buffer<T>::set_data_memory(void)' being compiled
          with
          [
              T=int
          ] (compiling source file grng_scene_draw.cpp)
D:\vs_project\gringo\gringo\grng_vert_const_buffer.h(8): message : see reference to class template instantiation 'grng_const_buffer<T>' being compiled
          with
          [
              T=int
          ] (compiling source file grng_scene_draw.cpp)
D:\vs_project\gringo\gringo\grng_manager_ptr.h(28): message : see reference to class template instantiation 'grng_vert_const_buffer<int>' being compiled (compiling source file grng_scene_draw.cpp)
D:\vs_project\gringo\gringo\grng_const_buffer.h(40,11): warning C4101: 'hr': unreferenced local variable (compiling source file grng_window.cpp)
D:\vs_project\gringo\gringo\grng_const_buffer.h(39): message : while compiling class template member function 'void grng_const_buffer<T>::set_data_memory(void)'
          with
          [
              T=int
          ] (compiling source file grng_window.cpp)
D:\vs_project\gringo\gringo\grng_const_buffer.h(70): message : see reference to function template instantiation 'void grng_const_buffer<T>::set_data_memory(void)' being compiled
          with
          [
              T=int
          ] (compiling source file grng_window.cpp)
D:\vs_project\gringo\gringo\grng_vert_const_buffer.h(8): message : see reference to class template instantiation 'grng_const_buffer<T>' being compiled
          with
          [
              T=int
          ] (compiling source file grng_window.cpp)
D:\vs_project\gringo\gringo\grng_manager_ptr.h(28): message : see reference to class template instantiation 'grng_vert_const_buffer<int>' being compiled (compiling source file grng_window.cpp)
D:\vs_project\gringo\gringo\grng_const_buffer.h(40,11): warning C4101: 'hr': unreferenced local variable (compiling source file grng_scene_skybox.cpp)
D:\vs_project\gringo\gringo\grng_const_buffer.h(39): message : while compiling class template member function 'void grng_const_buffer<T>::set_data_memory(void)'
          with
          [
              T=int
          ] (compiling source file grng_scene_skybox.cpp)
D:\vs_project\gringo\gringo\grng_const_buffer.h(70): message : see reference to function template instantiation 'void grng_const_buffer<T>::set_data_memory(void)' being compiled
          with
          [
              T=int
          ] (compiling source file grng_scene_skybox.cpp)
D:\vs_project\gringo\gringo\grng_vert_const_buffer.h(8): message : see reference to class template instantiation 'grng_const_buffer<T>' being compiled
          with
          [
              T=int
          ] (compiling source file grng_scene_skybox.cpp)
D:\vs_project\gringo\gringo\grng_manager_ptr.h(28): message : see reference to class template instantiation 'grng_vert_const_buffer<int>' being compiled (compiling source file grng_scene_skybox.cpp)
  grng_wm_cursor.cpp
  grng_wm_misc.cpp
  grng_wm_resources.cpp
  grng_wm_update.cpp
  grng_wm_win_proc.cpp
  grng_wm_window.cpp
  win_main.cpp
D:\vs_project\gringo\gringo\grng_d3d.h(56,11): warning C4101: 'hr': unreferenced local variable (compiling source file grng_window_misc.cpp)
D:\vs_project\gringo\gringo\grng_d3d.h(56,11): warning C4101: 'hr': unreferenced local variable (compiling source file grng_window_update.cpp)
D:\vs_project\gringo\gringo\grng_gfx.h(37,133): warning C4244: '=': conversion from '_Rep' to 'float', possible loss of data
          with
          [
              _Rep=double
          ] (compiling source file grng_window_misc.cpp)
D:\vs_project\gringo\gringo\grng_gfx.h(37,133): warning C4244: '=': conversion from '_Rep' to 'float', possible loss of data
          with
          [
              _Rep=double
          ] (compiling source file grng_window_update.cpp)
D:\vs_project\gringo\gringo\grng_d3d.h(56,11): warning C4101: 'hr': unreferenced local variable (compiling source file grng_wm_cursor.cpp)
D:\vs_project\gringo\gringo\grng_gfx.h(37,133): warning C4244: '=': conversion from '_Rep' to 'float', possible loss of data
          with
          [
              _Rep=double
          ] (compiling source file grng_wm_cursor.cpp)
D:\vs_project\gringo\gringo\grng_d3d.h(56,11): warning C4101: 'hr': unreferenced local variable (compiling source file grng_wm_misc.cpp)
D:\vs_project\gringo\gringo\grng_d3d.h(56,11): warning C4101: 'hr': unreferenced local variable (compiling source file grng_wm_update.cpp)
D:\vs_project\gringo\gringo\grng_gfx.h(37,133): warning C4244: '=': conversion from '_Rep' to 'float', possible loss of data
          with
          [
              _Rep=double
          ] (compiling source file grng_wm_misc.cpp)
D:\vs_project\gringo\gringo\grng_gfx.h(37,133): warning C4244: '=': conversion from '_Rep' to 'float', possible loss of data
          with
          [
              _Rep=double
          ] (compiling source file grng_wm_update.cpp)
D:\vs_project\gringo\gringo\grng_d3d.h(56,11): warning C4101: 'hr': unreferenced local variable (compiling source file grng_wm_win_proc.cpp)
D:\vs_project\gringo\gringo\grng_d3d.h(56,11): warning C4101: 'hr': unreferenced local variable (compiling source file grng_wm_resources.cpp)
D:\vs_project\gringo\gringo\grng_d3d.h(56,11): warning C4101: 'hr': unreferenced local variable (compiling source file win_main.cpp)
D:\vs_project\gringo\gringo\grng_d3d.h(56,11): warning C4101: 'hr': unreferenced local variable (compiling source file grng_wm_window.cpp)
D:\vs_project\gringo\gringo\grng_gfx.h(37,133): warning C4244: '=': conversion from '_Rep' to 'float', possible loss of data
          with
          [
              _Rep=double
          ] (compiling source file grng_wm_win_proc.cpp)
D:\vs_project\gringo\gringo\grng_gfx.h(37,133): warning C4244: '=': conversion from '_Rep' to 'float', possible loss of data
          with
          [
              _Rep=double
          ] (compiling source file grng_wm_resources.cpp)
D:\vs_project\gringo\gringo\grng_gfx.h(37,133): warning C4244: '=': conversion from '_Rep' to 'float', possible loss of data
          with
          [
              _Rep=double
          ] (compiling source file grng_wm_window.cpp)
D:\vs_project\gringo\gringo\grng_gfx.h(37,133): warning C4244: '=': conversion from '_Rep' to 'float', possible loss of data
          with
          [
              _Rep=double
          ] (compiling source file win_main.cpp)
D:\vs_project\gringo\gringo\grng_const_buffer.h(40,11): warning C4101: 'hr': unreferenced local variable (compiling source file grng_window_misc.cpp)
D:\vs_project\gringo\gringo\grng_const_buffer.h(39): message : while compiling class template member function 'void grng_const_buffer<T>::set_data_memory(void)'
          with
          [
              T=int
          ] (compiling source file grng_window_misc.cpp)
D:\vs_project\gringo\gringo\grng_const_buffer.h(70): message : see reference to function template instantiation 'void grng_const_buffer<T>::set_data_memory(void)' being compiled
          with
          [
              T=int
          ] (compiling source file grng_window_misc.cpp)
D:\vs_project\gringo\gringo\grng_vert_const_buffer.h(8): message : see reference to class template instantiation 'grng_const_buffer<T>' being compiled
          with
          [
              T=int
          ] (compiling source file grng_window_misc.cpp)
D:\vs_project\gringo\gringo\grng_manager_ptr.h(28): message : see reference to class template instantiation 'grng_vert_const_buffer<int>' being compiled (compiling source file grng_window_misc.cpp)
D:\vs_project\gringo\gringo\grng_mouse.h(88,1): warning C4551: function call missing argument list (compiling source file grng_wm_cursor.cpp)
D:\vs_project\gringo\gringo\grng_const_buffer.h(40,11): warning C4101: 'hr': unreferenced local variable (compiling source file grng_window_update.cpp)
D:\vs_project\gringo\gringo\grng_const_buffer.h(39): message : while compiling class template member function 'void grng_const_buffer<T>::set_data_memory(void)'
          with
          [
              T=int
          ] (compiling source file grng_window_update.cpp)
D:\vs_project\gringo\gringo\grng_const_buffer.h(70): message : see reference to function template instantiation 'void grng_const_buffer<T>::set_data_memory(void)' being compiled
          with
          [
              T=int
          ] (compiling source file grng_window_update.cpp)
D:\vs_project\gringo\gringo\grng_vert_const_buffer.h(8): message : see reference to class template instantiation 'grng_const_buffer<T>' being compiled
          with
          [
              T=int
          ] (compiling source file grng_window_update.cpp)
D:\vs_project\gringo\gringo\grng_manager_ptr.h(28): message : see reference to class template instantiation 'grng_vert_const_buffer<int>' being compiled (compiling source file grng_window_update.cpp)
D:\vs_project\gringo\gringo\grng_mouse.h(88,1): warning C4551: function call missing argument list (compiling source file grng_wm_misc.cpp)
D:\vs_project\gringo\gringo\grng_mouse.h(88,1): warning C4551: function call missing argument list (compiling source file grng_wm_update.cpp)
D:\vs_project\gringo\gringo\grng_mouse.h(88,1): warning C4551: function call missing argument list (compiling source file grng_wm_resources.cpp)
D:\vs_project\gringo\gringo\grng_mouse.h(88,1): warning C4551: function call missing argument list (compiling source file grng_wm_win_proc.cpp)
D:\vs_project\gringo\gringo\grng_wm_resources.cpp(24,3): warning C4003: not enough arguments for function-like macro invocation 'GRNG_WIN_LAST_EXC'
D:\vs_project\gringo\gringo\grng_wm_resources.cpp(33,3): warning C4003: not enough arguments for function-like macro invocation 'GRNG_WIN_LAST_EXC'
D:\vs_project\gringo\gringo\grng_mouse.h(88,1): warning C4551: function call missing argument list (compiling source file grng_wm_window.cpp)
D:\vs_project\gringo\gringo\grng_mouse.h(88,1): warning C4551: function call missing argument list (compiling source file win_main.cpp)
D:\vs_project\gringo\gringo\grng_const_buffer.h(40,11): warning C4101: 'hr': unreferenced local variable (compiling source file grng_wm_cursor.cpp)
D:\vs_project\gringo\gringo\grng_const_buffer.h(39): message : while compiling class template member function 'void grng_const_buffer<T>::set_data_memory(void)'
          with
          [
              T=int
          ] (compiling source file grng_wm_cursor.cpp)
D:\vs_project\gringo\gringo\grng_const_buffer.h(70): message : see reference to function template instantiation 'void grng_const_buffer<T>::set_data_memory(void)' being compiled
          with
          [
              T=int
          ] (compiling source file grng_wm_cursor.cpp)
D:\vs_project\gringo\gringo\grng_vert_const_buffer.h(8): message : see reference to class template instantiation 'grng_const_buffer<T>' being compiled
          with
          [
              T=int
          ] (compiling source file grng_wm_cursor.cpp)
D:\vs_project\gringo\gringo\grng_manager_ptr.h(28): message : see reference to class template instantiation 'grng_vert_const_buffer<int>' being compiled (compiling source file grng_wm_cursor.cpp)
D:\vs_project\gringo\gringo\grng_const_buffer.h(40,11): warning C4101: 'hr': unreferenced local variable (compiling source file grng_wm_misc.cpp)
D:\vs_project\gringo\gringo\grng_const_buffer.h(39): message : while compiling class template member function 'void grng_const_buffer<T>::set_data_memory(void)'
          with
          [
              T=int
          ] (compiling source file grng_wm_misc.cpp)
D:\vs_project\gringo\gringo\grng_const_buffer.h(70): message : see reference to function template instantiation 'void grng_const_buffer<T>::set_data_memory(void)' being compiled
          with
          [
              T=int
          ] (compiling source file grng_wm_misc.cpp)
D:\vs_project\gringo\gringo\grng_vert_const_buffer.h(8): message : see reference to class template instantiation 'grng_const_buffer<T>' being compiled
          with
          [
              T=int
          ] (compiling source file grng_wm_misc.cpp)
D:\vs_project\gringo\gringo\grng_manager_ptr.h(28): message : see reference to class template instantiation 'grng_vert_const_buffer<int>' being compiled (compiling source file grng_wm_misc.cpp)
D:\vs_project\gringo\gringo\grng_const_buffer.h(40,11): warning C4101: 'hr': unreferenced local variable (compiling source file grng_wm_update.cpp)
D:\vs_project\gringo\gringo\grng_const_buffer.h(39): message : while compiling class template member function 'void grng_const_buffer<T>::set_data_memory(void)'
          with
          [
              T=int
          ] (compiling source file grng_wm_update.cpp)
D:\vs_project\gringo\gringo\grng_const_buffer.h(70): message : see reference to function template instantiation 'void grng_const_buffer<T>::set_data_memory(void)' being compiled
          with
          [
              T=int
          ] (compiling source file grng_wm_update.cpp)
D:\vs_project\gringo\gringo\grng_vert_const_buffer.h(8): message : see reference to class template instantiation 'grng_const_buffer<T>' being compiled
          with
          [
              T=int
          ] (compiling source file grng_wm_update.cpp)
D:\vs_project\gringo\gringo\grng_manager_ptr.h(28): message : see reference to class template instantiation 'grng_vert_const_buffer<int>' being compiled (compiling source file grng_wm_update.cpp)
D:\vs_project\gringo\gringo\grng_const_buffer.h(40,11): warning C4101: 'hr': unreferenced local variable (compiling source file grng_wm_resources.cpp)
D:\vs_project\gringo\gringo\grng_const_buffer.h(39): message : while compiling class template member function 'void grng_const_buffer<T>::set_data_memory(void)'
          with
          [
              T=int
          ] (compiling source file grng_wm_resources.cpp)
D:\vs_project\gringo\gringo\grng_const_buffer.h(70): message : see reference to function template instantiation 'void grng_const_buffer<T>::set_data_memory(void)' being compiled
          with
          [
              T=int
          ] (compiling source file grng_wm_resources.cpp)
D:\vs_project\gringo\gringo\grng_vert_const_buffer.h(8): message : see reference to class template instantiation 'grng_const_buffer<T>' being compiled
          with
          [
              T=int
          ] (compiling source file grng_wm_resources.cpp)
D:\vs_project\gringo\gringo\grng_manager_ptr.h(28): message : see reference to class template instantiation 'grng_vert_const_buffer<int>' being compiled (compiling source file grng_wm_resources.cpp)
D:\vs_project\gringo\gringo\grng_const_buffer.h(40,11): warning C4101: 'hr': unreferenced local variable (compiling source file grng_wm_win_proc.cpp)
D:\vs_project\gringo\gringo\grng_const_buffer.h(39): message : while compiling class template member function 'void grng_const_buffer<T>::set_data_memory(void)'
          with
          [
              T=int
          ] (compiling source file grng_wm_win_proc.cpp)
D:\vs_project\gringo\gringo\grng_const_buffer.h(70): message : see reference to function template instantiation 'void grng_const_buffer<T>::set_data_memory(void)' being compiled
          with
          [
              T=int
          ] (compiling source file grng_wm_win_proc.cpp)
D:\vs_project\gringo\gringo\grng_vert_const_buffer.h(8): message : see reference to class template instantiation 'grng_const_buffer<T>' being compiled
          with
          [
              T=int
          ] (compiling source file grng_wm_win_proc.cpp)
D:\vs_project\gringo\gringo\grng_manager_ptr.h(28): message : see reference to class template instantiation 'grng_vert_const_buffer<int>' being compiled (compiling source file grng_wm_win_proc.cpp)
D:\vs_project\gringo\gringo\grng_const_buffer.h(40,11): warning C4101: 'hr': unreferenced local variable (compiling source file grng_wm_window.cpp)
D:\vs_project\gringo\gringo\grng_const_buffer.h(39): message : while compiling class template member function 'void grng_const_buffer<T>::set_data_memory(void)'
          with
          [
              T=int
          ] (compiling source file grng_wm_window.cpp)
D:\vs_project\gringo\gringo\grng_const_buffer.h(70): message : see reference to function template instantiation 'void grng_const_buffer<T>::set_data_memory(void)' being compiled
          with
          [
              T=int
          ] (compiling source file grng_wm_window.cpp)
D:\vs_project\gringo\gringo\grng_vert_const_buffer.h(8): message : see reference to class template instantiation 'grng_const_buffer<T>' being compiled
          with
          [
              T=int
          ] (compiling source file grng_wm_window.cpp)
D:\vs_project\gringo\gringo\grng_manager_ptr.h(28): message : see reference to class template instantiation 'grng_vert_const_buffer<int>' being compiled (compiling source file grng_wm_window.cpp)
D:\vs_project\gringo\gringo\grng_const_buffer.h(40,11): warning C4101: 'hr': unreferenced local variable (compiling source file win_main.cpp)
D:\vs_project\gringo\gringo\grng_const_buffer.h(39): message : while compiling class template member function 'void grng_const_buffer<T>::set_data_memory(void)'
          with
          [
              T=int
          ] (compiling source file win_main.cpp)
D:\vs_project\gringo\gringo\grng_const_buffer.h(70): message : see reference to function template instantiation 'void grng_const_buffer<T>::set_data_memory(void)' being compiled
          with
          [
              T=int
          ] (compiling source file win_main.cpp)
D:\vs_project\gringo\gringo\grng_vert_const_buffer.h(8): message : see reference to class template instantiation 'grng_const_buffer<T>' being compiled
          with
          [
              T=int
          ] (compiling source file win_main.cpp)
D:\vs_project\gringo\gringo\grng_manager_ptr.h(28): message : see reference to class template instantiation 'grng_vert_const_buffer<int>' being compiled (compiling source file win_main.cpp)
  grng_skybox_def.cpp
D:\vs_project\gringo\gringo\grng_d3d.h(56,11): warning C4101: 'hr': unreferenced local variable
D:\vs_project\gringo\gringo\grng_gfx.h(37,133): warning C4244: '=': conversion from '_Rep' to 'float', possible loss of data
          with
          [
              _Rep=double
          ]
  Generating code
  Previous IPDB not found, fall back to full compilation.
  All 3811 functions were compiled because no usable IPDB/IOBJ from previous compilation was found.
  Finished generating code
  gringo.vcxproj -> D:\vs_project\gringo\x64\Release\gringo.exe
