d:\vs_project\gringo\gringo\x64\release\grng_d3d.obj
d:\vs_project\gringo\gringo\x64\release\grng_math.obj
d:\vs_project\gringo\gringo\x64\release\grng_texture2d_data.obj
d:\vs_project\gringo\gringo\x64\release\grng_rg_exception.obj
d:\vs_project\gringo\gringo\x64\release\grng_id3d.obj
d:\vs_project\gringo\gringo\x64\release\grng_win_exception.obj
d:\vs_project\gringo\gringo\x64\release\grng_resource_manager.obj
d:\vs_project\gringo\gringo\x64\release\grng_exception.obj
d:\vs_project\gringo\gringo\x64\release\grng_texture2d.obj
d:\vs_project\gringo\gringo\x64\release\grng_utils.obj
d:\vs_project\gringo\gringo\x64\release\grng_gfx_exception.obj
d:\vs_project\gringo\x64\release\xapobaseredist.pdb
d:\vs_project\gringo\x64\release\xaudio2_9redist.pdb
d:\vs_project\gringo\x64\release\xaudio2_9redist.dll
d:\vs_project\gringo\gringo\x64\release\vc142.pdb
d:\vs_project\gringo\gringo\x64\release\gringo.tlog\cl.11988.write.1.tlog
d:\vs_project\gringo\gringo\x64\release\gringo.tlog\cl.command.1.tlog
d:\vs_project\gringo\gringo\x64\release\gringo.tlog\cl.read.1.tlog
d:\vs_project\gringo\gringo\x64\release\gringo.tlog\copylocal.read.1u.tlog
d:\vs_project\gringo\gringo\x64\release\gringo.tlog\copylocal.write.1u.tlog
